0    [main] INFO  de.openflorian.trigger.Buzzer  - Starting Trigger Finger!
0    [main] INFO  de.openflorian.trigger.Buzzer  - Starting Trigger Finger!
4    [main] INFO  de.openflorian.trigger.BuzzerConfig  - Use internal config: /config.json
145  [Thread-0] ERROR de.openflorian.trigger.BuzzerDeviceObserver  - 
java.lang.NullPointerException
	at java.io.FileInputStream.<init>(FileInputStream.java:130)
	at java.io.FileInputStream.<init>(FileInputStream.java:93)
	at java.io.FileReader.<init>(FileReader.java:58)
	at de.openflorian.trigger.BuzzerDeviceObserver.run(BuzzerDeviceObserver.java:52)
	at java.lang.Thread.run(Thread.java:745)
0    [main] INFO  de.openflorian.trigger.Buzzer  - Starting Trigger Finger!
4    [main] INFO  de.openflorian.trigger.BuzzerConfig  - Use internal config: /config.json
169  [Thread-0] DEBUG de.openflorian.trigger.BuzzerDeviceObserver  - Opening device 'null' for key logging...
169  [Thread-0] ERROR de.openflorian.trigger.BuzzerDeviceObserver  - 
java.lang.NullPointerException
	at java.io.FileInputStream.<init>(FileInputStream.java:130)
	at java.io.FileInputStream.<init>(FileInputStream.java:93)
	at java.io.FileReader.<init>(FileReader.java:58)
	at de.openflorian.trigger.BuzzerDeviceObserver.run(BuzzerDeviceObserver.java:52)
	at java.lang.Thread.run(Thread.java:745)
0    [main] INFO  de.openflorian.trigger.Buzzer  - Starting Trigger Finger!
6    [main] INFO  de.openflorian.trigger.BuzzerConfig  - Use internal config: /config.json
176  [Thread-0] DEBUG de.openflorian.trigger.BuzzerDeviceObserver  - Opening device 'null' for key logging...
176  [Thread-0] ERROR de.openflorian.trigger.BuzzerDeviceObserver  - 
java.lang.NullPointerException
	at java.io.FileInputStream.<init>(FileInputStream.java:130)
	at java.io.FileInputStream.<init>(FileInputStream.java:93)
	at java.io.FileReader.<init>(FileReader.java:58)
	at de.openflorian.trigger.BuzzerDeviceObserver.run(BuzzerDeviceObserver.java:52)
	at java.lang.Thread.run(Thread.java:745)
0    [main] INFO  de.openflorian.trigger.Buzzer  - Starting Trigger Finger!
0    [main] INFO  de.openflorian.trigger.Buzzer  - Starting Trigger Finger!
5    [main] INFO  de.openflorian.trigger.BuzzerConfig  - Use internal config: /config.json
5    [main] INFO  de.openflorian.trigger.BuzzerConfig  - Use internal config: /config.json
177  [Thread-0] DEBUG de.openflorian.trigger.BuzzerDeviceObserver  - Opening device 'null' for key logging...
177  [Thread-0] DEBUG de.openflorian.trigger.BuzzerDeviceObserver  - Opening device 'null' for key logging...
177  [Thread-0] ERROR de.openflorian.trigger.BuzzerDeviceObserver  - 
java.lang.NullPointerException
	at java.io.FileInputStream.<init>(FileInputStream.java:130)
	at java.io.FileInputStream.<init>(FileInputStream.java:93)
	at java.io.FileReader.<init>(FileReader.java:58)
	at de.openflorian.trigger.BuzzerDeviceObserver.run(BuzzerDeviceObserver.java:52)
	at java.lang.Thread.run(Thread.java:745)
177  [Thread-0] ERROR de.openflorian.trigger.BuzzerDeviceObserver  - 
java.lang.NullPointerException
	at java.io.FileInputStream.<init>(FileInputStream.java:130)
	at java.io.FileInputStream.<init>(FileInputStream.java:93)
	at java.io.FileReader.<init>(FileReader.java:58)
	at de.openflorian.trigger.BuzzerDeviceObserver.run(BuzzerDeviceObserver.java:52)
	at java.lang.Thread.run(Thread.java:745)
0    [main] INFO  de.openflorian.trigger.Buzzer  - Starting Trigger Finger!
5    [main] INFO  de.openflorian.trigger.BuzzerConfig  - Use internal config: /config.json
152  [Thread-0] DEBUG de.openflorian.trigger.BuzzerDeviceObserver  - Opening device 'null' for key logging...
152  [Thread-0] ERROR de.openflorian.trigger.BuzzerDeviceObserver  - 
java.lang.NullPointerException
	at java.io.FileInputStream.<init>(FileInputStream.java:130)
	at java.io.FileInputStream.<init>(FileInputStream.java:93)
	at java.io.FileReader.<init>(FileReader.java:58)
	at de.openflorian.trigger.BuzzerDeviceObserver.run(BuzzerDeviceObserver.java:52)
	at java.lang.Thread.run(Thread.java:745)
0    [main] INFO  de.openflorian.trigger.Buzzer  - Starting Trigger Finger!
5    [main] INFO  de.openflorian.trigger.BuzzerConfig  - Use internal config: /config.json
149  [Thread-0] DEBUG de.openflorian.trigger.BuzzerDeviceObserver  - Opening device '/dev/input/by-id/usb-Cleware_GmbH_USB-Keys_63813-event-kbd' for key logging...
150  [Thread-0] ERROR de.openflorian.trigger.BuzzerDeviceObserver  - /dev/input/by-id/usb-Cleware_GmbH_USB-Keys_63813-event-kbd (Keine Berechtigung)
java.io.FileNotFoundException: /dev/input/by-id/usb-Cleware_GmbH_USB-Keys_63813-event-kbd (Keine Berechtigung)
	at java.io.FileInputStream.open0(Native Method)
	at java.io.FileInputStream.open(FileInputStream.java:195)
	at java.io.FileInputStream.<init>(FileInputStream.java:138)
	at java.io.FileInputStream.<init>(FileInputStream.java:93)
	at java.io.FileReader.<init>(FileReader.java:58)
	at de.openflorian.trigger.BuzzerDeviceObserver.run(BuzzerDeviceObserver.java:53)
	at java.lang.Thread.run(Thread.java:745)
0    [main] INFO  de.openflorian.trigger.Buzzer  - Starting Trigger Finger!
6    [main] INFO  de.openflorian.trigger.BuzzerConfig  - Use internal config: /config.json
172  [Thread-0] DEBUG de.openflorian.trigger.BuzzerDeviceObserver  - Opening device '/dev/input/by-id/usb-Cleware_GmbH_USB-Keys_63813-event-kbd' for key logging...
2178 [Thread-0] DEBUG de.openflorian.trigger.BuzzerDeviceObserver  - Trigger event start...
2226 [Thread-0] DEBUG de.openflorian.trigger.BuzzerDeviceObserver  - Trigger event finished :-) Propagating to delegate...
2226 [Thread-0] INFO  de.openflorian.trigger.Buzzer  - Trigger pushed :-)
2545 [Thread-0] INFO  de.openflorian.trigger.Buzzer  - Request successfuly sent to server! (URL: http://localhost:8080/openflorian/rest/api/alarm/current)
2545 [Thread-0] DEBUG de.openflorian.trigger.BuzzerDeviceObserver  - Trigger event start...
2545 [Thread-0] DEBUG de.openflorian.trigger.BuzzerDeviceObserver  - Trigger event finished :-) Propagating to delegate...
2545 [Thread-0] INFO  de.openflorian.trigger.Buzzer  - Trigger pushed :-)
2553 [Thread-0] INFO  de.openflorian.trigger.Buzzer  - Request successfuly sent to server! (URL: http://localhost:8080/openflorian/rest/api/alarm/current)
5858 [Thread-0] DEBUG de.openflorian.trigger.BuzzerDeviceObserver  - Trigger event start...
5922 [Thread-0] DEBUG de.openflorian.trigger.BuzzerDeviceObserver  - Trigger event finished :-) Propagating to delegate...
5922 [Thread-0] INFO  de.openflorian.trigger.Buzzer  - Trigger pushed :-)
5927 [Thread-0] INFO  de.openflorian.trigger.Buzzer  - Request successfuly sent to server! (URL: http://localhost:8080/openflorian/rest/api/alarm/current)
5970 [Thread-0] DEBUG de.openflorian.trigger.BuzzerDeviceObserver  - Trigger event start...
6018 [Thread-0] DEBUG de.openflorian.trigger.BuzzerDeviceObserver  - Trigger event finished :-) Propagating to delegate...
6018 [Thread-0] INFO  de.openflorian.trigger.Buzzer  - Trigger pushed :-)
6023 [Thread-0] INFO  de.openflorian.trigger.Buzzer  - Request successfuly sent to server! (URL: http://localhost:8080/openflorian/rest/api/alarm/current)
7250 [Thread-0] DEBUG de.openflorian.trigger.BuzzerDeviceObserver  - Trigger event start...
7298 [Thread-0] DEBUG de.openflorian.trigger.BuzzerDeviceObserver  - Trigger event finished :-) Propagating to delegate...
7298 [Thread-0] INFO  de.openflorian.trigger.Buzzer  - Trigger pushed :-)
7303 [Thread-0] INFO  de.openflorian.trigger.Buzzer  - Request successfuly sent to server! (URL: http://localhost:8080/openflorian/rest/api/alarm/current)
7346 [Thread-0] DEBUG de.openflorian.trigger.BuzzerDeviceObserver  - Trigger event start...
9506 [Thread-0] DEBUG de.openflorian.trigger.BuzzerDeviceObserver  - Trigger event finished :-) Propagating to delegate...
9506 [Thread-0] INFO  de.openflorian.trigger.Buzzer  - Trigger pushed :-)
9517 [Thread-0] INFO  de.openflorian.trigger.Buzzer  - Request successfuly sent to server! (URL: http://localhost:8080/openflorian/rest/api/alarm/current)
9554 [Thread-0] DEBUG de.openflorian.trigger.BuzzerDeviceObserver  - Trigger event start...
9650 [Thread-0] DEBUG de.openflorian.trigger.BuzzerDeviceObserver  - Trigger event finished :-) Propagating to delegate...
9650 [Thread-0] INFO  de.openflorian.trigger.Buzzer  - Trigger pushed :-)
9655 [Thread-0] INFO  de.openflorian.trigger.Buzzer  - Request successfuly sent to server! (URL: http://localhost:8080/openflorian/rest/api/alarm/current)
9698 [Thread-0] DEBUG de.openflorian.trigger.BuzzerDeviceObserver  - Trigger event start...
10418 [Thread-0] DEBUG de.openflorian.trigger.BuzzerDeviceObserver  - Trigger event finished :-) Propagating to delegate...
10418 [Thread-0] INFO  de.openflorian.trigger.Buzzer  - Trigger pushed :-)
10423 [Thread-0] INFO  de.openflorian.trigger.Buzzer  - Request successfuly sent to server! (URL: http://localhost:8080/openflorian/rest/api/alarm/current)
10466 [Thread-0] DEBUG de.openflorian.trigger.BuzzerDeviceObserver  - Trigger event start...
10530 [Thread-0] DEBUG de.openflorian.trigger.BuzzerDeviceObserver  - Trigger event finished :-) Propagating to delegate...
10530 [Thread-0] INFO  de.openflorian.trigger.Buzzer  - Trigger pushed :-)
10536 [Thread-0] INFO  de.openflorian.trigger.Buzzer  - Request successfuly sent to server! (URL: http://localhost:8080/openflorian/rest/api/alarm/current)
10578 [Thread-0] DEBUG de.openflorian.trigger.BuzzerDeviceObserver  - Trigger event start...
16210 [Thread-0] DEBUG de.openflorian.trigger.BuzzerDeviceObserver  - Trigger event finished :-) Propagating to delegate...
16211 [Thread-0] INFO  de.openflorian.trigger.Buzzer  - Trigger pushed :-)
16218 [Thread-0] INFO  de.openflorian.trigger.Buzzer  - Request successfuly sent to server! (URL: http://localhost:8080/openflorian/rest/api/alarm/current)
16258 [Thread-0] DEBUG de.openflorian.trigger.BuzzerDeviceObserver  - Trigger event start...
16418 [Thread-0] DEBUG de.openflorian.trigger.BuzzerDeviceObserver  - Trigger event finished :-) Propagating to delegate...
16418 [Thread-0] INFO  de.openflorian.trigger.Buzzer  - Trigger pushed :-)
16422 [Thread-0] INFO  de.openflorian.trigger.Buzzer  - Request successfuly sent to server! (URL: http://localhost:8080/openflorian/rest/api/alarm/current)
16466 [Thread-0] DEBUG de.openflorian.trigger.BuzzerDeviceObserver  - Trigger event start...
31154 [Thread-0] DEBUG de.openflorian.trigger.BuzzerDeviceObserver  - Trigger event finished :-) Propagating to delegate...
31155 [Thread-0] INFO  de.openflorian.trigger.Buzzer  - Trigger pushed :-)
31159 [Thread-0] INFO  de.openflorian.trigger.Buzzer  - Request successfuly sent to server! (URL: http://localhost:8080/openflorian/rest/api/alarm/current)
31203 [Thread-0] DEBUG de.openflorian.trigger.BuzzerDeviceObserver  - Trigger event start...
31362 [Thread-0] DEBUG de.openflorian.trigger.BuzzerDeviceObserver  - Trigger event finished :-) Propagating to delegate...
31363 [Thread-0] INFO  de.openflorian.trigger.Buzzer  - Trigger pushed :-)
31368 [Thread-0] INFO  de.openflorian.trigger.Buzzer  - Request successfuly sent to server! (URL: http://localhost:8080/openflorian/rest/api/alarm/current)
31411 [Thread-0] DEBUG de.openflorian.trigger.BuzzerDeviceObserver  - Trigger event start...
0    [main] INFO  de.openflorian.trigger.Buzzer  - Starting Trigger Finger!
5    [main] INFO  de.openflorian.trigger.BuzzerConfig  - Use internal config: /config.json
156  [main] ERROR de.openflorian.trigger.BuzzerConfig  - Unrecognized field "device_output_cycle" (class de.openflorian.trigger.BuzzerConfig$Config), not marked as ignorable (2 known properties: "api_endpoint", "trigger_device"])
 at [Source: java.io.BufferedInputStream@5cb0d902; line: 4, column: 26] (through reference chain: de.openflorian.trigger.Config["device_output_cycle"])
com.fasterxml.jackson.databind.exc.UnrecognizedPropertyException: Unrecognized field "device_output_cycle" (class de.openflorian.trigger.BuzzerConfig$Config), not marked as ignorable (2 known properties: "api_endpoint", "trigger_device"])
 at [Source: java.io.BufferedInputStream@5cb0d902; line: 4, column: 26] (through reference chain: de.openflorian.trigger.Config["device_output_cycle"])
	at com.fasterxml.jackson.databind.exc.UnrecognizedPropertyException.from(UnrecognizedPropertyException.java:62)
	at com.fasterxml.jackson.databind.DeserializationContext.reportUnknownProperty(DeserializationContext.java:855)
	at com.fasterxml.jackson.databind.deser.std.StdDeserializer.handleUnknownProperty(StdDeserializer.java:1083)
	at com.fasterxml.jackson.databind.deser.BeanDeserializerBase.handleUnknownProperty(BeanDeserializerBase.java:1389)
	at com.fasterxml.jackson.databind.deser.BeanDeserializerBase.handleUnknownVanilla(BeanDeserializerBase.java:1367)
	at com.fasterxml.jackson.databind.deser.BeanDeserializer.vanillaDeserialize(BeanDeserializer.java:266)
	at com.fasterxml.jackson.databind.deser.BeanDeserializer.deserialize(BeanDeserializer.java:125)
	at com.fasterxml.jackson.databind.ObjectMapper._readMapAndClose(ObjectMapper.java:3788)
	at com.fasterxml.jackson.databind.ObjectMapper.readValue(ObjectMapper.java:2849)
	at de.openflorian.trigger.BuzzerConfig.config(BuzzerConfig.java:64)
	at de.openflorian.trigger.Buzzer.main(Buzzer.java:70)
0    [main] INFO  de.openflorian.trigger.Buzzer  - Starting Trigger Finger!
4    [main] INFO  de.openflorian.trigger.BuzzerConfig  - Use internal config: /config.json
149  [Thread-0] DEBUG de.openflorian.trigger.BuzzerDeviceObserver  - Opening device '/dev/input/by-id/usb-Cleware_GmbH_USB-Keys_63813-event-kbd' for key logging...
0    [main] INFO  de.openflorian.trigger.Buzzer  - Starting Trigger Finger!
5    [main] INFO  de.openflorian.trigger.BuzzerConfig  - Use internal config: /config.json
162  [Thread-0] DEBUG de.openflorian.trigger.BuzzerDeviceObserver  - Opening device '/dev/input/by-id/usb-Cleware_GmbH_USB-Keys_63813-event-kbd' for key logging...
1770 [Thread-0] DEBUG de.openflorian.trigger.BuzzerDeviceObserver  - Trigger event start...
1818 [Thread-0] DEBUG de.openflorian.trigger.BuzzerDeviceObserver  - Trigger event start...
1866 [Thread-0] DEBUG de.openflorian.trigger.BuzzerDeviceObserver  - Trigger event finished :-) Propagating to delegate...
1866 [Thread-0] INFO  de.openflorian.trigger.Buzzer  - Trigger pushed :-)
2103 [Thread-0] INFO  de.openflorian.trigger.Buzzer  - Request successfuly sent to server! (URL: http://localhost:8080/openflorian/rest/api/alarm/current)
2104 [Thread-0] DEBUG de.openflorian.trigger.BuzzerDeviceObserver  - Trigger event start...
3706 [Thread-0] DEBUG de.openflorian.trigger.BuzzerDeviceObserver  - Trigger event start...
3770 [Thread-0] DEBUG de.openflorian.trigger.BuzzerDeviceObserver  - Trigger event finished :-) Propagating to delegate...
3770 [Thread-0] INFO  de.openflorian.trigger.Buzzer  - Trigger pushed :-)
3777 [Thread-0] INFO  de.openflorian.trigger.Buzzer  - Request successfuly sent to server! (URL: http://localhost:8080/openflorian/rest/api/alarm/current)
3818 [Thread-0] DEBUG de.openflorian.trigger.BuzzerDeviceObserver  - Trigger event start...
5354 [Thread-0] DEBUG de.openflorian.trigger.BuzzerDeviceObserver  - Trigger event start...
5402 [Thread-0] DEBUG de.openflorian.trigger.BuzzerDeviceObserver  - Trigger event finished :-) Propagating to delegate...
5402 [Thread-0] INFO  de.openflorian.trigger.Buzzer  - Trigger pushed :-)
5408 [Thread-0] INFO  de.openflorian.trigger.Buzzer  - Request successfuly sent to server! (URL: http://localhost:8080/openflorian/rest/api/alarm/current)
5450 [Thread-0] DEBUG de.openflorian.trigger.BuzzerDeviceObserver  - Trigger event start...
6522 [Thread-0] DEBUG de.openflorian.trigger.BuzzerDeviceObserver  - Trigger event start...
6586 [Thread-0] DEBUG de.openflorian.trigger.BuzzerDeviceObserver  - Trigger event finished :-) Propagating to delegate...
6586 [Thread-0] INFO  de.openflorian.trigger.Buzzer  - Trigger pushed :-)
6590 [Thread-0] INFO  de.openflorian.trigger.Buzzer  - Request successfuly sent to server! (URL: http://localhost:8080/openflorian/rest/api/alarm/current)
6634 [Thread-0] DEBUG de.openflorian.trigger.BuzzerDeviceObserver  - Trigger event start...
6682 [Thread-0] DEBUG de.openflorian.trigger.BuzzerDeviceObserver  - Trigger event start...
12778 [Thread-0] DEBUG de.openflorian.trigger.BuzzerDeviceObserver  - Trigger event finished :-) Propagating to delegate...
12778 [Thread-0] INFO  de.openflorian.trigger.Buzzer  - Trigger pushed :-)
12783 [Thread-0] INFO  de.openflorian.trigger.Buzzer  - Request successfuly sent to server! (URL: http://localhost:8080/openflorian/rest/api/alarm/current)
12826 [Thread-0] DEBUG de.openflorian.trigger.BuzzerDeviceObserver  - Trigger event start...
12922 [Thread-0] DEBUG de.openflorian.trigger.BuzzerDeviceObserver  - Trigger event start...
12986 [Thread-0] DEBUG de.openflorian.trigger.BuzzerDeviceObserver  - Trigger event finished :-) Propagating to delegate...
12986 [Thread-0] INFO  de.openflorian.trigger.Buzzer  - Trigger pushed :-)
12993 [Thread-0] INFO  de.openflorian.trigger.Buzzer  - Request successfuly sent to server! (URL: http://localhost:8080/openflorian/rest/api/alarm/current)
16154 [Thread-0] DEBUG de.openflorian.trigger.BuzzerDeviceObserver  - Trigger event start...
16202 [Thread-0] DEBUG de.openflorian.trigger.BuzzerDeviceObserver  - Trigger event start...
16362 [Thread-0] DEBUG de.openflorian.trigger.BuzzerDeviceObserver  - Trigger event finished :-) Propagating to delegate...
16362 [Thread-0] INFO  de.openflorian.trigger.Buzzer  - Trigger pushed :-)
16368 [Thread-0] INFO  de.openflorian.trigger.Buzzer  - Request successfuly sent to server! (URL: http://localhost:8080/openflorian/rest/api/alarm/current)
16410 [Thread-0] DEBUG de.openflorian.trigger.BuzzerDeviceObserver  - Trigger event start...
18250 [Thread-0] DEBUG de.openflorian.trigger.BuzzerDeviceObserver  - Trigger event start...
18298 [Thread-0] DEBUG de.openflorian.trigger.BuzzerDeviceObserver  - Trigger event finished :-) Propagating to delegate...
18298 [Thread-0] INFO  de.openflorian.trigger.Buzzer  - Trigger pushed :-)
18304 [Thread-0] INFO  de.openflorian.trigger.Buzzer  - Request successfuly sent to server! (URL: http://localhost:8080/openflorian/rest/api/alarm/current)
18410 [Thread-0] DEBUG de.openflorian.trigger.BuzzerDeviceObserver  - Trigger event start...
18458 [Thread-0] DEBUG de.openflorian.trigger.BuzzerDeviceObserver  - Trigger event start...
20090 [Thread-0] DEBUG de.openflorian.trigger.BuzzerDeviceObserver  - Trigger event finished :-) Propagating to delegate...
20090 [Thread-0] INFO  de.openflorian.trigger.Buzzer  - Trigger pushed :-)
20095 [Thread-0] INFO  de.openflorian.trigger.Buzzer  - Request successfuly sent to server! (URL: http://localhost:8080/openflorian/rest/api/alarm/current)
20154 [Thread-0] DEBUG de.openflorian.trigger.BuzzerDeviceObserver  - Trigger event start...
20298 [Thread-0] DEBUG de.openflorian.trigger.BuzzerDeviceObserver  - Trigger event start...
20346 [Thread-0] DEBUG de.openflorian.trigger.BuzzerDeviceObserver  - Trigger event finished :-) Propagating to delegate...
20347 [Thread-0] INFO  de.openflorian.trigger.Buzzer  - Trigger pushed :-)
20352 [Thread-0] INFO  de.openflorian.trigger.Buzzer  - Request successfuly sent to server! (URL: http://localhost:8080/openflorian/rest/api/alarm/current)
40635 [Thread-0] DEBUG de.openflorian.trigger.BuzzerDeviceObserver  - Trigger event start...
40683 [Thread-0] DEBUG de.openflorian.trigger.BuzzerDeviceObserver  - Trigger event start...
40731 [Thread-0] DEBUG de.openflorian.trigger.BuzzerDeviceObserver  - Trigger event finished :-) Propagating to delegate...
40731 [Thread-0] INFO  de.openflorian.trigger.Buzzer  - Trigger pushed :-)
40735 [Thread-0] INFO  de.openflorian.trigger.Buzzer  - Request successfuly sent to server! (URL: http://localhost:8080/openflorian/rest/api/alarm/current)
41499 [Thread-0] DEBUG de.openflorian.trigger.BuzzerDeviceObserver  - Trigger event start...
41547 [Thread-0] DEBUG de.openflorian.trigger.BuzzerDeviceObserver  - Trigger event start...
41595 [Thread-0] DEBUG de.openflorian.trigger.BuzzerDeviceObserver  - Trigger event finished :-) Propagating to delegate...
41595 [Thread-0] INFO  de.openflorian.trigger.Buzzer  - Trigger pushed :-)
41601 [Thread-0] INFO  de.openflorian.trigger.Buzzer  - Request successfuly sent to server! (URL: http://localhost:8080/openflorian/rest/api/alarm/current)
42619 [Thread-0] DEBUG de.openflorian.trigger.BuzzerDeviceObserver  - Trigger event start...
42683 [Thread-0] DEBUG de.openflorian.trigger.BuzzerDeviceObserver  - Trigger event start...
42731 [Thread-0] DEBUG de.openflorian.trigger.BuzzerDeviceObserver  - Trigger event finished :-) Propagating to delegate...
42731 [Thread-0] INFO  de.openflorian.trigger.Buzzer  - Trigger pushed :-)
42735 [Thread-0] INFO  de.openflorian.trigger.Buzzer  - Request successfuly sent to server! (URL: http://localhost:8080/openflorian/rest/api/alarm/current)
43243 [Thread-0] DEBUG de.openflorian.trigger.BuzzerDeviceObserver  - Trigger event start...
43291 [Thread-0] DEBUG de.openflorian.trigger.BuzzerDeviceObserver  - Trigger event start...
43451 [Thread-0] DEBUG de.openflorian.trigger.BuzzerDeviceObserver  - Trigger event finished :-) Propagating to delegate...
43451 [Thread-0] INFO  de.openflorian.trigger.Buzzer  - Trigger pushed :-)
43468 [Thread-0] INFO  de.openflorian.trigger.Buzzer  - Request successfuly sent to server! (URL: http://localhost:8080/openflorian/rest/api/alarm/current)
43499 [Thread-0] DEBUG de.openflorian.trigger.BuzzerDeviceObserver  - Trigger event start...
44363 [Thread-0] DEBUG de.openflorian.trigger.BuzzerDeviceObserver  - Trigger event start...
44411 [Thread-0] DEBUG de.openflorian.trigger.BuzzerDeviceObserver  - Trigger event finished :-) Propagating to delegate...
44411 [Thread-0] INFO  de.openflorian.trigger.Buzzer  - Trigger pushed :-)
44416 [Thread-0] INFO  de.openflorian.trigger.Buzzer  - Request successfuly sent to server! (URL: http://localhost:8080/openflorian/rest/api/alarm/current)
45339 [Thread-0] DEBUG de.openflorian.trigger.BuzzerDeviceObserver  - Trigger event start...
45387 [Thread-0] DEBUG de.openflorian.trigger.BuzzerDeviceObserver  - Trigger event start...
46971 [Thread-0] DEBUG de.openflorian.trigger.BuzzerDeviceObserver  - Trigger event finished :-) Propagating to delegate...
46971 [Thread-0] INFO  de.openflorian.trigger.Buzzer  - Trigger pushed :-)
46978 [Thread-0] INFO  de.openflorian.trigger.Buzzer  - Request successfuly sent to server! (URL: http://localhost:8080/openflorian/rest/api/alarm/current)
47035 [Thread-0] DEBUG de.openflorian.trigger.BuzzerDeviceObserver  - Trigger event start...
47083 [Thread-0] DEBUG de.openflorian.trigger.BuzzerDeviceObserver  - Trigger event start...
47691 [Thread-0] DEBUG de.openflorian.trigger.BuzzerDeviceObserver  - Trigger event finished :-) Propagating to delegate...
47691 [Thread-0] INFO  de.openflorian.trigger.Buzzer  - Trigger pushed :-)
47695 [Thread-0] INFO  de.openflorian.trigger.Buzzer  - Request successfuly sent to server! (URL: http://localhost:8080/openflorian/rest/api/alarm/current)
47739 [Thread-0] DEBUG de.openflorian.trigger.BuzzerDeviceObserver  - Trigger event start...
47803 [Thread-0] DEBUG de.openflorian.trigger.BuzzerDeviceObserver  - Trigger event start...
47851 [Thread-0] DEBUG de.openflorian.trigger.BuzzerDeviceObserver  - Trigger event finished :-) Propagating to delegate...
47851 [Thread-0] INFO  de.openflorian.trigger.Buzzer  - Trigger pushed :-)
47855 [Thread-0] INFO  de.openflorian.trigger.Buzzer  - Request successfuly sent to server! (URL: http://localhost:8080/openflorian/rest/api/alarm/current)
48507 [Thread-0] DEBUG de.openflorian.trigger.BuzzerDeviceObserver  - Trigger event start...
48571 [Thread-0] DEBUG de.openflorian.trigger.BuzzerDeviceObserver  - Trigger event start...
48619 [Thread-0] DEBUG de.openflorian.trigger.BuzzerDeviceObserver  - Trigger event finished :-) Propagating to delegate...
48619 [Thread-0] INFO  de.openflorian.trigger.Buzzer  - Trigger pushed :-)
48623 [Thread-0] INFO  de.openflorian.trigger.Buzzer  - Request successfuly sent to server! (URL: http://localhost:8080/openflorian/rest/api/alarm/current)
48667 [Thread-0] DEBUG de.openflorian.trigger.BuzzerDeviceObserver  - Trigger event start...
49019 [Thread-0] DEBUG de.openflorian.trigger.BuzzerDeviceObserver  - Trigger event start...
49083 [Thread-0] DEBUG de.openflorian.trigger.BuzzerDeviceObserver  - Trigger event finished :-) Propagating to delegate...
49084 [Thread-0] INFO  de.openflorian.trigger.Buzzer  - Trigger pushed :-)
49087 [Thread-0] INFO  de.openflorian.trigger.Buzzer  - Request successfuly sent to server! (URL: http://localhost:8080/openflorian/rest/api/alarm/current)
49131 [Thread-0] DEBUG de.openflorian.trigger.BuzzerDeviceObserver  - Trigger event start...
49179 [Thread-0] DEBUG de.openflorian.trigger.BuzzerDeviceObserver  - Trigger event start...
49531 [Thread-0] DEBUG de.openflorian.trigger.BuzzerDeviceObserver  - Trigger event finished :-) Propagating to delegate...
49531 [Thread-0] INFO  de.openflorian.trigger.Buzzer  - Trigger pushed :-)
49535 [Thread-0] INFO  de.openflorian.trigger.Buzzer  - Request successfuly sent to server! (URL: http://localhost:8080/openflorian/rest/api/alarm/current)
49595 [Thread-0] DEBUG de.openflorian.trigger.BuzzerDeviceObserver  - Trigger event start...
49643 [Thread-0] DEBUG de.openflorian.trigger.BuzzerDeviceObserver  - Trigger event start...
49691 [Thread-0] DEBUG de.openflorian.trigger.BuzzerDeviceObserver  - Trigger event finished :-) Propagating to delegate...
49691 [Thread-0] INFO  de.openflorian.trigger.Buzzer  - Trigger pushed :-)
49695 [Thread-0] INFO  de.openflorian.trigger.Buzzer  - Request successfuly sent to server! (URL: http://localhost:8080/openflorian/rest/api/alarm/current)
49947 [Thread-0] DEBUG de.openflorian.trigger.BuzzerDeviceObserver  - Trigger event start...
49995 [Thread-0] DEBUG de.openflorian.trigger.BuzzerDeviceObserver  - Trigger event start...
50107 [Thread-0] DEBUG de.openflorian.trigger.BuzzerDeviceObserver  - Trigger event finished :-) Propagating to delegate...
50107 [Thread-0] INFO  de.openflorian.trigger.Buzzer  - Trigger pushed :-)
50112 [Thread-0] INFO  de.openflorian.trigger.Buzzer  - Request successfuly sent to server! (URL: http://localhost:8080/openflorian/rest/api/alarm/current)
50155 [Thread-0] DEBUG de.openflorian.trigger.BuzzerDeviceObserver  - Trigger event start...
50411 [Thread-0] DEBUG de.openflorian.trigger.BuzzerDeviceObserver  - Trigger event start...
50459 [Thread-0] DEBUG de.openflorian.trigger.BuzzerDeviceObserver  - Trigger event finished :-) Propagating to delegate...
50459 [Thread-0] INFO  de.openflorian.trigger.Buzzer  - Trigger pushed :-)
50463 [Thread-0] INFO  de.openflorian.trigger.Buzzer  - Request successfuly sent to server! (URL: http://localhost:8080/openflorian/rest/api/alarm/current)
50555 [Thread-0] DEBUG de.openflorian.trigger.BuzzerDeviceObserver  - Trigger event start...
50619 [Thread-0] DEBUG de.openflorian.trigger.BuzzerDeviceObserver  - Trigger event start...
51179 [Thread-0] DEBUG de.openflorian.trigger.BuzzerDeviceObserver  - Trigger event finished :-) Propagating to delegate...
51179 [Thread-0] INFO  de.openflorian.trigger.Buzzer  - Trigger pushed :-)
51186 [Thread-0] INFO  de.openflorian.trigger.Buzzer  - Request successfuly sent to server! (URL: http://localhost:8080/openflorian/rest/api/alarm/current)
51227 [Thread-0] DEBUG de.openflorian.trigger.BuzzerDeviceObserver  - Trigger event start...
51387 [Thread-0] DEBUG de.openflorian.trigger.BuzzerDeviceObserver  - Trigger event start...
51435 [Thread-0] DEBUG de.openflorian.trigger.BuzzerDeviceObserver  - Trigger event finished :-) Propagating to delegate...
51435 [Thread-0] INFO  de.openflorian.trigger.Buzzer  - Trigger pushed :-)
51439 [Thread-0] INFO  de.openflorian.trigger.Buzzer  - Request successfuly sent to server! (URL: http://localhost:8080/openflorian/rest/api/alarm/current)
60491 [Thread-0] DEBUG de.openflorian.trigger.BuzzerDeviceObserver  - Trigger event start...
60540 [Thread-0] DEBUG de.openflorian.trigger.BuzzerDeviceObserver  - Trigger event start...
60652 [Thread-0] DEBUG de.openflorian.trigger.BuzzerDeviceObserver  - Trigger event finished :-) Propagating to delegate...
60652 [Thread-0] INFO  de.openflorian.trigger.Buzzer  - Trigger pushed :-)
60657 [Thread-0] INFO  de.openflorian.trigger.Buzzer  - Request successfuly sent to server! (URL: http://localhost:8080/openflorian/rest/api/alarm/current)
60699 [Thread-0] DEBUG de.openflorian.trigger.BuzzerDeviceObserver  - Trigger event start...
61676 [Thread-0] DEBUG de.openflorian.trigger.BuzzerDeviceObserver  - Trigger event start...
61724 [Thread-0] DEBUG de.openflorian.trigger.BuzzerDeviceObserver  - Trigger event finished :-) Propagating to delegate...
61724 [Thread-0] INFO  de.openflorian.trigger.Buzzer  - Trigger pushed :-)
61728 [Thread-0] INFO  de.openflorian.trigger.Buzzer  - Request successfuly sent to server! (URL: http://localhost:8080/openflorian/rest/api/alarm/current)
61820 [Thread-0] DEBUG de.openflorian.trigger.BuzzerDeviceObserver  - Trigger event start...
61883 [Thread-0] DEBUG de.openflorian.trigger.BuzzerDeviceObserver  - Trigger event start...
62588 [Thread-0] DEBUG de.openflorian.trigger.BuzzerDeviceObserver  - Trigger event finished :-) Propagating to delegate...
62588 [Thread-0] INFO  de.openflorian.trigger.Buzzer  - Trigger pushed :-)
62594 [Thread-0] INFO  de.openflorian.trigger.Buzzer  - Request successfuly sent to server! (URL: http://localhost:8080/openflorian/rest/api/alarm/current)
62652 [Thread-0] DEBUG de.openflorian.trigger.BuzzerDeviceObserver  - Trigger event start...
63164 [Thread-0] DEBUG de.openflorian.trigger.BuzzerDeviceObserver  - Trigger event start...
63212 [Thread-0] DEBUG de.openflorian.trigger.BuzzerDeviceObserver  - Trigger event finished :-) Propagating to delegate...
63212 [Thread-0] INFO  de.openflorian.trigger.Buzzer  - Trigger pushed :-)
63220 [Thread-0] INFO  de.openflorian.trigger.Buzzer  - Request successfuly sent to server! (URL: http://localhost:8080/openflorian/rest/api/alarm/current)
63772 [Thread-0] DEBUG de.openflorian.trigger.BuzzerDeviceObserver  - Trigger event start...
63820 [Thread-0] DEBUG de.openflorian.trigger.BuzzerDeviceObserver  - Trigger event start...
63932 [Thread-0] DEBUG de.openflorian.trigger.BuzzerDeviceObserver  - Trigger event finished :-) Propagating to delegate...
63932 [Thread-0] INFO  de.openflorian.trigger.Buzzer  - Trigger pushed :-)
63937 [Thread-0] INFO  de.openflorian.trigger.Buzzer  - Request successfuly sent to server! (URL: http://localhost:8080/openflorian/rest/api/alarm/current)
63980 [Thread-0] DEBUG de.openflorian.trigger.BuzzerDeviceObserver  - Trigger event start...
64284 [Thread-0] DEBUG de.openflorian.trigger.BuzzerDeviceObserver  - Trigger event start...
64332 [Thread-0] DEBUG de.openflorian.trigger.BuzzerDeviceObserver  - Trigger event finished :-) Propagating to delegate...
64332 [Thread-0] INFO  de.openflorian.trigger.Buzzer  - Trigger pushed :-)
64336 [Thread-0] INFO  de.openflorian.trigger.Buzzer  - Request successfuly sent to server! (URL: http://localhost:8080/openflorian/rest/api/alarm/current)
64444 [Thread-0] DEBUG de.openflorian.trigger.BuzzerDeviceObserver  - Trigger event start...
64492 [Thread-0] DEBUG de.openflorian.trigger.BuzzerDeviceObserver  - Trigger event start...
64700 [Thread-0] DEBUG de.openflorian.trigger.BuzzerDeviceObserver  - Trigger event finished :-) Propagating to delegate...
64700 [Thread-0] INFO  de.openflorian.trigger.Buzzer  - Trigger pushed :-)
64704 [Thread-0] INFO  de.openflorian.trigger.Buzzer  - Request successfuly sent to server! (URL: http://localhost:8080/openflorian/rest/api/alarm/current)
64748 [Thread-0] DEBUG de.openflorian.trigger.BuzzerDeviceObserver  - Trigger event start...
64844 [Thread-0] DEBUG de.openflorian.trigger.BuzzerDeviceObserver  - Trigger event start...
64892 [Thread-0] DEBUG de.openflorian.trigger.BuzzerDeviceObserver  - Trigger event finished :-) Propagating to delegate...
64892 [Thread-0] INFO  de.openflorian.trigger.Buzzer  - Trigger pushed :-)
64895 [Thread-0] INFO  de.openflorian.trigger.Buzzer  - Request successfuly sent to server! (URL: http://localhost:8080/openflorian/rest/api/alarm/current)
65100 [Thread-0] DEBUG de.openflorian.trigger.BuzzerDeviceObserver  - Trigger event start...
65148 [Thread-0] DEBUG de.openflorian.trigger.BuzzerDeviceObserver  - Trigger event start...
65212 [Thread-0] DEBUG de.openflorian.trigger.BuzzerDeviceObserver  - Trigger event finished :-) Propagating to delegate...
65212 [Thread-0] INFO  de.openflorian.trigger.Buzzer  - Trigger pushed :-)
65216 [Thread-0] INFO  de.openflorian.trigger.Buzzer  - Request successfuly sent to server! (URL: http://localhost:8080/openflorian/rest/api/alarm/current)
65260 [Thread-0] DEBUG de.openflorian.trigger.BuzzerDeviceObserver  - Trigger event start...
65516 [Thread-0] DEBUG de.openflorian.trigger.BuzzerDeviceObserver  - Trigger event start...
65564 [Thread-0] DEBUG de.openflorian.trigger.BuzzerDeviceObserver  - Trigger event finished :-) Propagating to delegate...
65564 [Thread-0] INFO  de.openflorian.trigger.Buzzer  - Trigger pushed :-)
65568 [Thread-0] INFO  de.openflorian.trigger.Buzzer  - Request successfuly sent to server! (URL: http://localhost:8080/openflorian/rest/api/alarm/current)
65660 [Thread-0] DEBUG de.openflorian.trigger.BuzzerDeviceObserver  - Trigger event start...
65724 [Thread-0] DEBUG de.openflorian.trigger.BuzzerDeviceObserver  - Trigger event start...
66636 [Thread-0] DEBUG de.openflorian.trigger.BuzzerDeviceObserver  - Trigger event finished :-) Propagating to delegate...
66636 [Thread-0] INFO  de.openflorian.trigger.Buzzer  - Trigger pushed :-)
66640 [Thread-0] INFO  de.openflorian.trigger.Buzzer  - Request successfuly sent to server! (URL: http://localhost:8080/openflorian/rest/api/alarm/current)
66684 [Thread-0] DEBUG de.openflorian.trigger.BuzzerDeviceObserver  - Trigger event start...
67196 [Thread-0] DEBUG de.openflorian.trigger.BuzzerDeviceObserver  - Trigger event start...
67260 [Thread-0] DEBUG de.openflorian.trigger.BuzzerDeviceObserver  - Trigger event finished :-) Propagating to delegate...
67260 [Thread-0] INFO  de.openflorian.trigger.Buzzer  - Trigger pushed :-)
67264 [Thread-0] INFO  de.openflorian.trigger.Buzzer  - Request successfuly sent to server! (URL: http://localhost:8080/openflorian/rest/api/alarm/current)
67820 [Thread-0] DEBUG de.openflorian.trigger.BuzzerDeviceObserver  - Trigger event start...
67868 [Thread-0] DEBUG de.openflorian.trigger.BuzzerDeviceObserver  - Trigger event start...
68124 [Thread-0] DEBUG de.openflorian.trigger.BuzzerDeviceObserver  - Trigger event finished :-) Propagating to delegate...
68124 [Thread-0] INFO  de.openflorian.trigger.Buzzer  - Trigger pushed :-)
68128 [Thread-0] INFO  de.openflorian.trigger.Buzzer  - Request successfuly sent to server! (URL: http://localhost:8080/openflorian/rest/api/alarm/current)
68172 [Thread-0] DEBUG de.openflorian.trigger.BuzzerDeviceObserver  - Trigger event start...
70268 [Thread-0] DEBUG de.openflorian.trigger.BuzzerDeviceObserver  - Trigger event start...
70332 [Thread-0] DEBUG de.openflorian.trigger.BuzzerDeviceObserver  - Trigger event finished :-) Propagating to delegate...
70332 [Thread-0] INFO  de.openflorian.trigger.Buzzer  - Trigger pushed :-)
70335 [Thread-0] INFO  de.openflorian.trigger.Buzzer  - Request successfuly sent to server! (URL: http://localhost:8080/openflorian/rest/api/alarm/current)
71036 [Thread-0] DEBUG de.openflorian.trigger.BuzzerDeviceObserver  - Trigger event start...
71100 [Thread-0] DEBUG de.openflorian.trigger.BuzzerDeviceObserver  - Trigger event start...
71244 [Thread-0] DEBUG de.openflorian.trigger.BuzzerDeviceObserver  - Trigger event finished :-) Propagating to delegate...
71244 [Thread-0] INFO  de.openflorian.trigger.Buzzer  - Trigger pushed :-)
71248 [Thread-0] INFO  de.openflorian.trigger.Buzzer  - Request successfuly sent to server! (URL: http://localhost:8080/openflorian/rest/api/alarm/current)
71292 [Thread-0] DEBUG de.openflorian.trigger.BuzzerDeviceObserver  - Trigger event start...
71660 [Thread-0] DEBUG de.openflorian.trigger.BuzzerDeviceObserver  - Trigger event start...
71708 [Thread-0] DEBUG de.openflorian.trigger.BuzzerDeviceObserver  - Trigger event finished :-) Propagating to delegate...
71708 [Thread-0] INFO  de.openflorian.trigger.Buzzer  - Trigger pushed :-)
71711 [Thread-0] INFO  de.openflorian.trigger.Buzzer  - Request successfuly sent to server! (URL: http://localhost:8080/openflorian/rest/api/alarm/current)
71916 [Thread-0] DEBUG de.openflorian.trigger.BuzzerDeviceObserver  - Trigger event start...
71964 [Thread-0] DEBUG de.openflorian.trigger.BuzzerDeviceObserver  - Trigger event start...
72476 [Thread-0] DEBUG de.openflorian.trigger.BuzzerDeviceObserver  - Trigger event finished :-) Propagating to delegate...
72476 [Thread-0] INFO  de.openflorian.trigger.Buzzer  - Trigger pushed :-)
72480 [Thread-0] INFO  de.openflorian.trigger.Buzzer  - Request successfuly sent to server! (URL: http://localhost:8080/openflorian/rest/api/alarm/current)
72524 [Thread-0] DEBUG de.openflorian.trigger.BuzzerDeviceObserver  - Trigger event start...
72780 [Thread-0] DEBUG de.openflorian.trigger.BuzzerDeviceObserver  - Trigger event start...
72828 [Thread-0] DEBUG de.openflorian.trigger.BuzzerDeviceObserver  - Trigger event finished :-) Propagating to delegate...
72828 [Thread-0] INFO  de.openflorian.trigger.Buzzer  - Trigger pushed :-)
72831 [Thread-0] INFO  de.openflorian.trigger.Buzzer  - Request successfuly sent to server! (URL: http://localhost:8080/openflorian/rest/api/alarm/current)
73244 [Thread-0] DEBUG de.openflorian.trigger.BuzzerDeviceObserver  - Trigger event start...
73292 [Thread-0] DEBUG de.openflorian.trigger.BuzzerDeviceObserver  - Trigger event start...
73500 [Thread-0] DEBUG de.openflorian.trigger.BuzzerDeviceObserver  - Trigger event finished :-) Propagating to delegate...
73500 [Thread-0] INFO  de.openflorian.trigger.Buzzer  - Trigger pushed :-)
73504 [Thread-0] INFO  de.openflorian.trigger.Buzzer  - Request successfuly sent to server! (URL: http://localhost:8080/openflorian/rest/api/alarm/current)
73548 [Thread-0] DEBUG de.openflorian.trigger.BuzzerDeviceObserver  - Trigger event start...
73916 [Thread-0] DEBUG de.openflorian.trigger.BuzzerDeviceObserver  - Trigger event start...
73964 [Thread-0] DEBUG de.openflorian.trigger.BuzzerDeviceObserver  - Trigger event finished :-) Propagating to delegate...
73964 [Thread-0] INFO  de.openflorian.trigger.Buzzer  - Trigger pushed :-)
73967 [Thread-0] INFO  de.openflorian.trigger.Buzzer  - Request successfuly sent to server! (URL: http://localhost:8080/openflorian/rest/api/alarm/current)
74108 [Thread-0] DEBUG de.openflorian.trigger.BuzzerDeviceObserver  - Trigger event start...
74172 [Thread-0] DEBUG de.openflorian.trigger.BuzzerDeviceObserver  - Trigger event start...
77084 [Thread-0] DEBUG de.openflorian.trigger.BuzzerDeviceObserver  - Trigger event finished :-) Propagating to delegate...
77084 [Thread-0] INFO  de.openflorian.trigger.Buzzer  - Trigger pushed :-)
77095 [Thread-0] INFO  de.openflorian.trigger.Buzzer  - Request successfuly sent to server! (URL: http://localhost:8080/openflorian/rest/api/alarm/current)
77132 [Thread-0] DEBUG de.openflorian.trigger.BuzzerDeviceObserver  - Trigger event start...
79436 [Thread-0] DEBUG de.openflorian.trigger.BuzzerDeviceObserver  - Trigger event start...
79484 [Thread-0] DEBUG de.openflorian.trigger.BuzzerDeviceObserver  - Trigger event finished :-) Propagating to delegate...
79484 [Thread-0] INFO  de.openflorian.trigger.Buzzer  - Trigger pushed :-)
79488 [Thread-0] INFO  de.openflorian.trigger.Buzzer  - Request successfuly sent to server! (URL: http://localhost:8080/openflorian/rest/api/alarm/current)
80204 [Thread-0] DEBUG de.openflorian.trigger.BuzzerDeviceObserver  - Trigger event start...
80252 [Thread-0] DEBUG de.openflorian.trigger.BuzzerDeviceObserver  - Trigger event start...
80364 [Thread-0] DEBUG de.openflorian.trigger.BuzzerDeviceObserver  - Trigger event finished :-) Propagating to delegate...
80364 [Thread-0] INFO  de.openflorian.trigger.Buzzer  - Trigger pushed :-)
80368 [Thread-0] INFO  de.openflorian.trigger.Buzzer  - Request successfuly sent to server! (URL: http://localhost:8080/openflorian/rest/api/alarm/current)
80412 [Thread-0] DEBUG de.openflorian.trigger.BuzzerDeviceObserver  - Trigger event start...
80668 [Thread-0] DEBUG de.openflorian.trigger.BuzzerDeviceObserver  - Trigger event start...
80716 [Thread-0] DEBUG de.openflorian.trigger.BuzzerDeviceObserver  - Trigger event finished :-) Propagating to delegate...
80716 [Thread-0] INFO  de.openflorian.trigger.Buzzer  - Trigger pushed :-)
80721 [Thread-0] INFO  de.openflorian.trigger.Buzzer  - Request successfuly sent to server! (URL: http://localhost:8080/openflorian/rest/api/alarm/current)
80828 [Thread-0] DEBUG de.openflorian.trigger.BuzzerDeviceObserver  - Trigger event start...
80876 [Thread-0] DEBUG de.openflorian.trigger.BuzzerDeviceObserver  - Trigger event start...
80972 [Thread-0] DEBUG de.openflorian.trigger.BuzzerDeviceObserver  - Trigger event finished :-) Propagating to delegate...
80972 [Thread-0] INFO  de.openflorian.trigger.Buzzer  - Trigger pushed :-)
80977 [Thread-0] INFO  de.openflorian.trigger.Buzzer  - Request successfuly sent to server! (URL: http://localhost:8080/openflorian/rest/api/alarm/current)
81020 [Thread-0] DEBUG de.openflorian.trigger.BuzzerDeviceObserver  - Trigger event start...
81084 [Thread-0] DEBUG de.openflorian.trigger.BuzzerDeviceObserver  - Trigger event start...
81132 [Thread-0] DEBUG de.openflorian.trigger.BuzzerDeviceObserver  - Trigger event finished :-) Propagating to delegate...
81132 [Thread-0] INFO  de.openflorian.trigger.Buzzer  - Trigger pushed :-)
81135 [Thread-0] INFO  de.openflorian.trigger.Buzzer  - Request successfuly sent to server! (URL: http://localhost:8080/openflorian/rest/api/alarm/current)
81180 [Thread-0] DEBUG de.openflorian.trigger.BuzzerDeviceObserver  - Trigger event start...
81228 [Thread-0] DEBUG de.openflorian.trigger.BuzzerDeviceObserver  - Trigger event start...
81276 [Thread-0] DEBUG de.openflorian.trigger.BuzzerDeviceObserver  - Trigger event finished :-) Propagating to delegate...
81277 [Thread-0] INFO  de.openflorian.trigger.Buzzer  - Trigger pushed :-)
81280 [Thread-0] INFO  de.openflorian.trigger.Buzzer  - Request successfuly sent to server! (URL: http://localhost:8080/openflorian/rest/api/alarm/current)
81340 [Thread-0] DEBUG de.openflorian.trigger.BuzzerDeviceObserver  - Trigger event start...
81388 [Thread-0] DEBUG de.openflorian.trigger.BuzzerDeviceObserver  - Trigger event start...
81436 [Thread-0] DEBUG de.openflorian.trigger.BuzzerDeviceObserver  - Trigger event finished :-) Propagating to delegate...
81436 [Thread-0] INFO  de.openflorian.trigger.Buzzer  - Trigger pushed :-)
81440 [Thread-0] INFO  de.openflorian.trigger.Buzzer  - Request successfuly sent to server! (URL: http://localhost:8080/openflorian/rest/api/alarm/current)
81484 [Thread-0] DEBUG de.openflorian.trigger.BuzzerDeviceObserver  - Trigger event start...
81532 [Thread-0] DEBUG de.openflorian.trigger.BuzzerDeviceObserver  - Trigger event start...
81596 [Thread-0] DEBUG de.openflorian.trigger.BuzzerDeviceObserver  - Trigger event finished :-) Propagating to delegate...
81596 [Thread-0] INFO  de.openflorian.trigger.Buzzer  - Trigger pushed :-)
81600 [Thread-0] INFO  de.openflorian.trigger.Buzzer  - Request successfuly sent to server! (URL: http://localhost:8080/openflorian/rest/api/alarm/current)
81644 [Thread-0] DEBUG de.openflorian.trigger.BuzzerDeviceObserver  - Trigger event start...
82108 [Thread-0] DEBUG de.openflorian.trigger.BuzzerDeviceObserver  - Trigger event start...
82156 [Thread-0] DEBUG de.openflorian.trigger.BuzzerDeviceObserver  - Trigger event finished :-) Propagating to delegate...
82156 [Thread-0] INFO  de.openflorian.trigger.Buzzer  - Trigger pushed :-)
82160 [Thread-0] INFO  de.openflorian.trigger.Buzzer  - Request successfuly sent to server! (URL: http://localhost:8080/openflorian/rest/api/alarm/current)
82204 [Thread-0] DEBUG de.openflorian.trigger.BuzzerDeviceObserver  - Trigger event start...
82252 [Thread-0] DEBUG de.openflorian.trigger.BuzzerDeviceObserver  - Trigger event start...
82300 [Thread-0] DEBUG de.openflorian.trigger.BuzzerDeviceObserver  - Trigger event finished :-) Propagating to delegate...
82300 [Thread-0] INFO  de.openflorian.trigger.Buzzer  - Trigger pushed :-)
82304 [Thread-0] INFO  de.openflorian.trigger.Buzzer  - Request successfuly sent to server! (URL: http://localhost:8080/openflorian/rest/api/alarm/current)
82364 [Thread-0] DEBUG de.openflorian.trigger.BuzzerDeviceObserver  - Trigger event start...
82412 [Thread-0] DEBUG de.openflorian.trigger.BuzzerDeviceObserver  - Trigger event start...
83580 [Thread-0] DEBUG de.openflorian.trigger.BuzzerDeviceObserver  - Trigger event finished :-) Propagating to delegate...
83580 [Thread-0] INFO  de.openflorian.trigger.Buzzer  - Trigger pushed :-)
83585 [Thread-0] INFO  de.openflorian.trigger.Buzzer  - Request successfuly sent to server! (URL: http://localhost:8080/openflorian/rest/api/alarm/current)
83644 [Thread-0] DEBUG de.openflorian.trigger.BuzzerDeviceObserver  - Trigger event start...
84252 [Thread-0] DEBUG de.openflorian.trigger.BuzzerDeviceObserver  - Trigger event start...
84300 [Thread-0] DEBUG de.openflorian.trigger.BuzzerDeviceObserver  - Trigger event finished :-) Propagating to delegate...
84300 [Thread-0] INFO  de.openflorian.trigger.Buzzer  - Trigger pushed :-)
84304 [Thread-0] INFO  de.openflorian.trigger.Buzzer  - Request successfuly sent to server! (URL: http://localhost:8080/openflorian/rest/api/alarm/current)
84508 [Thread-0] DEBUG de.openflorian.trigger.BuzzerDeviceObserver  - Trigger event start...
84556 [Thread-0] DEBUG de.openflorian.trigger.BuzzerDeviceObserver  - Trigger event start...
87676 [Thread-0] DEBUG de.openflorian.trigger.BuzzerDeviceObserver  - Trigger event finished :-) Propagating to delegate...
87676 [Thread-0] INFO  de.openflorian.trigger.Buzzer  - Trigger pushed :-)
87680 [Thread-0] INFO  de.openflorian.trigger.Buzzer  - Request successfuly sent to server! (URL: http://localhost:8080/openflorian/rest/api/alarm/current)
87740 [Thread-0] DEBUG de.openflorian.trigger.BuzzerDeviceObserver  - Trigger event start...
87884 [Thread-0] DEBUG de.openflorian.trigger.BuzzerDeviceObserver  - Trigger event start...
87932 [Thread-0] DEBUG de.openflorian.trigger.BuzzerDeviceObserver  - Trigger event finished :-) Propagating to delegate...
87935 [Thread-0] INFO  de.openflorian.trigger.Buzzer  - Trigger pushed :-)
87938 [Thread-0] INFO  de.openflorian.trigger.Buzzer  - Request successfuly sent to server! (URL: http://localhost:8080/openflorian/rest/api/alarm/current)
89484 [Thread-0] DEBUG de.openflorian.trigger.BuzzerDeviceObserver  - Trigger event start...
89532 [Thread-0] DEBUG de.openflorian.trigger.BuzzerDeviceObserver  - Trigger event start...
90044 [Thread-0] DEBUG de.openflorian.trigger.BuzzerDeviceObserver  - Trigger event finished :-) Propagating to delegate...
90044 [Thread-0] INFO  de.openflorian.trigger.Buzzer  - Trigger pushed :-)
90048 [Thread-0] INFO  de.openflorian.trigger.Buzzer  - Request successfuly sent to server! (URL: http://localhost:8080/openflorian/rest/api/alarm/current)
90092 [Thread-0] DEBUG de.openflorian.trigger.BuzzerDeviceObserver  - Trigger event start...
90508 [Thread-0] DEBUG de.openflorian.trigger.BuzzerDeviceObserver  - Trigger event start...
90556 [Thread-0] DEBUG de.openflorian.trigger.BuzzerDeviceObserver  - Trigger event finished :-) Propagating to delegate...
90556 [Thread-0] INFO  de.openflorian.trigger.Buzzer  - Trigger pushed :-)
90560 [Thread-0] INFO  de.openflorian.trigger.Buzzer  - Request successfuly sent to server! (URL: http://localhost:8080/openflorian/rest/api/alarm/current)
90652 [Thread-0] DEBUG de.openflorian.trigger.BuzzerDeviceObserver  - Trigger event start...
90700 [Thread-0] DEBUG de.openflorian.trigger.BuzzerDeviceObserver  - Trigger event start...
90860 [Thread-0] DEBUG de.openflorian.trigger.BuzzerDeviceObserver  - Trigger event finished :-) Propagating to delegate...
90860 [Thread-0] INFO  de.openflorian.trigger.Buzzer  - Trigger pushed :-)
90864 [Thread-0] INFO  de.openflorian.trigger.Buzzer  - Request successfuly sent to server! (URL: http://localhost:8080/openflorian/rest/api/alarm/current)
90908 [Thread-0] DEBUG de.openflorian.trigger.BuzzerDeviceObserver  - Trigger event start...
91020 [Thread-0] DEBUG de.openflorian.trigger.BuzzerDeviceObserver  - Trigger event start...
91068 [Thread-0] DEBUG de.openflorian.trigger.BuzzerDeviceObserver  - Trigger event finished :-) Propagating to delegate...
91068 [Thread-0] INFO  de.openflorian.trigger.Buzzer  - Trigger pushed :-)
91072 [Thread-0] INFO  de.openflorian.trigger.Buzzer  - Request successfuly sent to server! (URL: http://localhost:8080/openflorian/rest/api/alarm/current)
91164 [Thread-0] DEBUG de.openflorian.trigger.BuzzerDeviceObserver  - Trigger event start...
91212 [Thread-0] DEBUG de.openflorian.trigger.BuzzerDeviceObserver  - Trigger event start...
91324 [Thread-0] DEBUG de.openflorian.trigger.BuzzerDeviceObserver  - Trigger event finished :-) Propagating to delegate...
91324 [Thread-0] INFO  de.openflorian.trigger.Buzzer  - Trigger pushed :-)
91328 [Thread-0] INFO  de.openflorian.trigger.Buzzer  - Request successfuly sent to server! (URL: http://localhost:8080/openflorian/rest/api/alarm/current)
91372 [Thread-0] DEBUG de.openflorian.trigger.BuzzerDeviceObserver  - Trigger event start...
91420 [Thread-0] DEBUG de.openflorian.trigger.BuzzerDeviceObserver  - Trigger event start...
91468 [Thread-0] DEBUG de.openflorian.trigger.BuzzerDeviceObserver  - Trigger event finished :-) Propagating to delegate...
91468 [Thread-0] INFO  de.openflorian.trigger.Buzzer  - Trigger pushed :-)
91472 [Thread-0] INFO  de.openflorian.trigger.Buzzer  - Request successfuly sent to server! (URL: http://localhost:8080/openflorian/rest/api/alarm/current)
91580 [Thread-0] DEBUG de.openflorian.trigger.BuzzerDeviceObserver  - Trigger event start...
91628 [Thread-0] DEBUG de.openflorian.trigger.BuzzerDeviceObserver  - Trigger event start...
91724 [Thread-0] DEBUG de.openflorian.trigger.BuzzerDeviceObserver  - Trigger event finished :-) Propagating to delegate...
91724 [Thread-0] INFO  de.openflorian.trigger.Buzzer  - Trigger pushed :-)
91727 [Thread-0] INFO  de.openflorian.trigger.Buzzer  - Request successfuly sent to server! (URL: http://localhost:8080/openflorian/rest/api/alarm/current)
91788 [Thread-0] DEBUG de.openflorian.trigger.BuzzerDeviceObserver  - Trigger event start...
91836 [Thread-0] DEBUG de.openflorian.trigger.BuzzerDeviceObserver  - Trigger event start...
91884 [Thread-0] DEBUG de.openflorian.trigger.BuzzerDeviceObserver  - Trigger event finished :-) Propagating to delegate...
91885 [Thread-0] INFO  de.openflorian.trigger.Buzzer  - Trigger pushed :-)
91888 [Thread-0] INFO  de.openflorian.trigger.Buzzer  - Request successfuly sent to server! (URL: http://localhost:8080/openflorian/rest/api/alarm/current)
91932 [Thread-0] DEBUG de.openflorian.trigger.BuzzerDeviceObserver  - Trigger event start...
91980 [Thread-0] DEBUG de.openflorian.trigger.BuzzerDeviceObserver  - Trigger event start...
92492 [Thread-0] DEBUG de.openflorian.trigger.BuzzerDeviceObserver  - Trigger event finished :-) Propagating to delegate...
92493 [Thread-0] INFO  de.openflorian.trigger.Buzzer  - Trigger pushed :-)
92496 [Thread-0] INFO  de.openflorian.trigger.Buzzer  - Request successfuly sent to server! (URL: http://localhost:8080/openflorian/rest/api/alarm/current)
92556 [Thread-0] DEBUG de.openflorian.trigger.BuzzerDeviceObserver  - Trigger event start...
177551 [Thread-0] DEBUG de.openflorian.trigger.BuzzerDeviceObserver  - Trigger event start...
177599 [Thread-0] DEBUG de.openflorian.trigger.BuzzerDeviceObserver  - Trigger event finished :-) Propagating to delegate...
177599 [Thread-0] INFO  de.openflorian.trigger.Buzzer  - Trigger pushed :-)
177602 [Thread-0] INFO  de.openflorian.trigger.Buzzer  - Request successfuly sent to server! (URL: http://localhost:8080/openflorian/rest/api/alarm/current)
177695 [Thread-0] DEBUG de.openflorian.trigger.BuzzerDeviceObserver  - Trigger event start...
177743 [Thread-0] DEBUG de.openflorian.trigger.BuzzerDeviceObserver  - Trigger event start...
178415 [Thread-0] DEBUG de.openflorian.trigger.BuzzerDeviceObserver  - Trigger event finished :-) Propagating to delegate...
178415 [Thread-0] INFO  de.openflorian.trigger.Buzzer  - Trigger pushed :-)
178420 [Thread-0] INFO  de.openflorian.trigger.Buzzer  - Request successfuly sent to server! (URL: http://localhost:8080/openflorian/rest/api/alarm/current)
178463 [Thread-0] DEBUG de.openflorian.trigger.BuzzerDeviceObserver  - Trigger event start...
178575 [Thread-0] DEBUG de.openflorian.trigger.BuzzerDeviceObserver  - Trigger event start...
178623 [Thread-0] DEBUG de.openflorian.trigger.BuzzerDeviceObserver  - Trigger event finished :-) Propagating to delegate...
178623 [Thread-0] INFO  de.openflorian.trigger.Buzzer  - Trigger pushed :-)
178627 [Thread-0] INFO  de.openflorian.trigger.Buzzer  - Request successfuly sent to server! (URL: http://localhost:8080/openflorian/rest/api/alarm/current)
179343 [Thread-0] DEBUG de.openflorian.trigger.BuzzerDeviceObserver  - Trigger event start...
179391 [Thread-0] DEBUG de.openflorian.trigger.BuzzerDeviceObserver  - Trigger event start...
179535 [Thread-0] DEBUG de.openflorian.trigger.BuzzerDeviceObserver  - Trigger event finished :-) Propagating to delegate...
179535 [Thread-0] INFO  de.openflorian.trigger.Buzzer  - Trigger pushed :-)
179538 [Thread-0] INFO  de.openflorian.trigger.Buzzer  - Request successfuly sent to server! (URL: http://localhost:8080/openflorian/rest/api/alarm/current)
179599 [Thread-0] DEBUG de.openflorian.trigger.BuzzerDeviceObserver  - Trigger event start...
180367 [Thread-0] DEBUG de.openflorian.trigger.BuzzerDeviceObserver  - Trigger event start...
180415 [Thread-0] DEBUG de.openflorian.trigger.BuzzerDeviceObserver  - Trigger event finished :-) Propagating to delegate...
180415 [Thread-0] INFO  de.openflorian.trigger.Buzzer  - Trigger pushed :-)
180418 [Thread-0] INFO  de.openflorian.trigger.Buzzer  - Request successfuly sent to server! (URL: http://localhost:8080/openflorian/rest/api/alarm/current)
180559 [Thread-0] DEBUG de.openflorian.trigger.BuzzerDeviceObserver  - Trigger event start...
180623 [Thread-0] DEBUG de.openflorian.trigger.BuzzerDeviceObserver  - Trigger event start...
181583 [Thread-0] DEBUG de.openflorian.trigger.BuzzerDeviceObserver  - Trigger event finished :-) Propagating to delegate...
181583 [Thread-0] INFO  de.openflorian.trigger.Buzzer  - Trigger pushed :-)
181586 [Thread-0] INFO  de.openflorian.trigger.Buzzer  - Request successfuly sent to server! (URL: http://localhost:8080/openflorian/rest/api/alarm/current)
181647 [Thread-0] DEBUG de.openflorian.trigger.BuzzerDeviceObserver  - Trigger event start...
181743 [Thread-0] DEBUG de.openflorian.trigger.BuzzerDeviceObserver  - Trigger event start...
181791 [Thread-0] DEBUG de.openflorian.trigger.BuzzerDeviceObserver  - Trigger event finished :-) Propagating to delegate...
181791 [Thread-0] INFO  de.openflorian.trigger.Buzzer  - Trigger pushed :-)
181794 [Thread-0] INFO  de.openflorian.trigger.Buzzer  - Request successfuly sent to server! (URL: http://localhost:8080/openflorian/rest/api/alarm/current)
182719 [Thread-0] DEBUG de.openflorian.trigger.BuzzerDeviceObserver  - Trigger event start...
182767 [Thread-0] DEBUG de.openflorian.trigger.BuzzerDeviceObserver  - Trigger event start...
182927 [Thread-0] DEBUG de.openflorian.trigger.BuzzerDeviceObserver  - Trigger event finished :-) Propagating to delegate...
182927 [Thread-0] INFO  de.openflorian.trigger.Buzzer  - Trigger pushed :-)
182930 [Thread-0] INFO  de.openflorian.trigger.Buzzer  - Request successfuly sent to server! (URL: http://localhost:8080/openflorian/rest/api/alarm/current)
182975 [Thread-0] DEBUG de.openflorian.trigger.BuzzerDeviceObserver  - Trigger event start...
183839 [Thread-0] DEBUG de.openflorian.trigger.BuzzerDeviceObserver  - Trigger event start...
183887 [Thread-0] DEBUG de.openflorian.trigger.BuzzerDeviceObserver  - Trigger event finished :-) Propagating to delegate...
183887 [Thread-0] INFO  de.openflorian.trigger.Buzzer  - Trigger pushed :-)
183890 [Thread-0] INFO  de.openflorian.trigger.Buzzer  - Request successfuly sent to server! (URL: http://localhost:8080/openflorian/rest/api/alarm/current)
184095 [Thread-0] DEBUG de.openflorian.trigger.BuzzerDeviceObserver  - Trigger event start...
184143 [Thread-0] DEBUG de.openflorian.trigger.BuzzerDeviceObserver  - Trigger event start...
970172 [Thread-0] ERROR de.openflorian.trigger.BuzzerDeviceObserver  - Kein passendes Gert gefunden
java.io.IOException: Kein passendes Gert gefunden
	at java.io.FileInputStream.readBytes(Native Method)
	at java.io.FileInputStream.read(FileInputStream.java:255)
	at sun.nio.cs.StreamDecoder.readBytes(StreamDecoder.java:284)
	at sun.nio.cs.StreamDecoder.implRead(StreamDecoder.java:326)
	at sun.nio.cs.StreamDecoder.read(StreamDecoder.java:178)
	at java.io.InputStreamReader.read(InputStreamReader.java:184)
	at java.io.BufferedReader.fill(BufferedReader.java:161)
	at java.io.BufferedReader.read1(BufferedReader.java:212)
	at java.io.BufferedReader.read(BufferedReader.java:286)
	at de.openflorian.trigger.BuzzerDeviceObserver.run(BuzzerDeviceObserver.java:57)
	at java.lang.Thread.run(Thread.java:745)
